Using pre-set license

 COMMAND LINE ARGUMENTS:
/Applications/Unity/Hub/Editor/2020.3.10f1/Unity.app/Contents/MacOS/Unity
-adb2
-batchMode
-noUpm
-name
AssetImportWorker0
-projectPath
/Users/adisauter/Documents/Studium/4. Semester/Teamprojekt/Projekt/ClimateMuseum
-logFile
Logs/AssetImportWorker0.log
-srvPort
50908
Successfully changed project path to: /Users/adisauter/Documents/Studium/4. Semester/Teamprojekt/Projekt/ClimateMuseum
/Users/adisauter/Documents/Studium/4. Semester/Teamprojekt/Projekt/ClimateMuseum
Using Asset Import Pipeline V2.
Refreshing native plugins compatible for Editor in 80.18 ms, found 2 plugins.
Preloading 0 native plugins for Editor in 0.00 ms.
Initialize engine version: 2020.3.10f1 (297d780c91bc)
[Subsystems] Discovering subsystems at path /Applications/Unity/Hub/Editor/2020.3.10f1/Unity.app/Contents/Resources/UnitySubsystems
[Subsystems] Discovering subsystems at path /Users/adisauter/Documents/Studium/4. Semester/Teamprojekt/Projekt/ClimateMuseum/Assets
GfxDevice: creating device client; threaded=0
2021-06-21 11:04:08.107 Unity[6323:1286863] Color LCD preferred device: Intel(R) Iris(TM) Plus Graphics 645 (low power)
2021-06-21 11:04:08.107 Unity[6323:1286863] Metal devices available: 1
2021-06-21 11:04:08.107 Unity[6323:1286863] 0: Intel(R) Iris(TM) Plus Graphics 645 (low power)
2021-06-21 11:04:08.108 Unity[6323:1286863] Using device Intel(R) Iris(TM) Plus Graphics 645 (low power)
Initializing Metal device caps: Intel(R) Iris(TM) Plus Graphics 645
Initialize mono
Mono path[0] = '/Applications/Unity/Hub/Editor/2020.3.10f1/Unity.app/Contents/Managed'
Mono path[1] = '/Applications/Unity/Hub/Editor/2020.3.10f1/Unity.app/Contents/MonoBleedingEdge/lib/mono/unityjit'
Mono config path = '/Applications/Unity/Hub/Editor/2020.3.10f1/Unity.app/Contents/MonoBleedingEdge/etc'
Using monoOptions --debugger-agent=transport=dt_socket,embedding=1,server=y,suspend=n,address=127.0.0.1:56323
Begin MonoManager ReloadAssembly
Registering precompiled unity dll's ...
Register platform support module: /Applications/Unity/Hub/Editor/2020.3.10f1/Unity.app/Contents/PlaybackEngines/MacStandaloneSupport/UnityEditor.OSXStandalone.Extensions.dll
Registered in 0.002659 seconds.
Native extension for OSXStandalone target not found
Refreshing native plugins compatible for Editor in 34.11 ms, found 2 plugins.
Preloading 0 native plugins for Editor in 0.00 ms.
Mono: successfully reloaded assembly
- Completed reload, in  2.034 seconds
Platform modules already initialized, skipping
Registering precompiled user dll's ...
Registered in 0.007822 seconds.
Begin MonoManager ReloadAssembly
Native extension for OSXStandalone target not found
Refreshing native plugins compatible for Editor in 0.49 ms, found 2 plugins.
Preloading 0 native plugins for Editor in 0.00 ms.
Mono: successfully reloaded assembly
- Completed reload, in  1.466 seconds
Platform modules already initialized, skipping
========================================================================
Worker process is ready to serve import requests
Launching external process: /Applications/Unity/Hub/Editor/2020.3.10f1/Unity.app/Contents/Tools/UnityShaderCompiler
Launched and connected shader compiler UnityShaderCompiler after 0.02 seconds
Refreshing native plugins compatible for Editor in 2.37 ms, found 2 plugins.
Preloading 0 native plugins for Editor in 0.00 ms.
Unloading 1451 Unused Serialized files (Serialized files now loaded: 0)
System memory in use before: 162.8 MB.
System memory in use after: 162.9 MB.

Unloading 17 unused Assets to reduce memory usage. Loaded Objects now: 1925.
Total: 3.420890 ms (FindLiveObjects: 0.381805 ms CreateObjectMapping: 0.113325 ms MarkObjects: 2.879975 ms  DeleteObjects: 0.043730 ms)

========================================================================
Received Import Request.
  path: Assets/Scripts/ShowValueScript.cs
  artifactKey: Guid(08b57ff1a8caa4bfea63e1b13fb41234) Importer(815301076,1909f56bfc062723c751e8b465ee728b)
Start importing Assets/Scripts/ShowValueScript.cs using Guid(08b57ff1a8caa4bfea63e1b13fb41234) Importer(815301076,1909f56bfc062723c751e8b465ee728b)  -> (artifact id: '86a5c8ee06d3df7c8c91ca7c4ff0ec44') in 0.638106 seconds
  Import took 0.642873 seconds .

========================================================================
Received Import Request.
  Time since last request: 26.657137 seconds.
  path: Assets/Scripts/ResetSlider.cs
  artifactKey: Guid(955aca085378e498cb7f541a36cbc680) Importer(815301076,1909f56bfc062723c751e8b465ee728b)
Start importing Assets/Scripts/ResetSlider.cs using Guid(955aca085378e498cb7f541a36cbc680) Importer(815301076,1909f56bfc062723c751e8b465ee728b)  -> (artifact id: '05df6349e53641105d8303e401662c44') in 0.010264 seconds
  Import took 0.016337 seconds .

========================================================================
Received Prepare
Registering precompiled user dll's ...
Registered in 0.010974 seconds.
Begin MonoManager ReloadAssembly
Native extension for OSXStandalone target not found
Refreshing native plugins compatible for Editor in 0.45 ms, found 2 plugins.
Preloading 0 native plugins for Editor in 0.00 ms.
Mono: successfully reloaded assembly
- Completed reload, in  1.391 seconds
Platform modules already initialized, skipping
Refreshing native plugins compatible for Editor in 0.53 ms, found 2 plugins.
Preloading 0 native plugins for Editor in 0.00 ms.
Unloading 1435 Unused Serialized files (Serialized files now loaded: 0)
System memory in use before: 166.3 MB.
System memory in use after: 166.4 MB.

Unloading 13 unused Assets to reduce memory usage. Loaded Objects now: 1928.
Total: 2.418440 ms (FindLiveObjects: 0.265482 ms CreateObjectMapping: 0.062642 ms MarkObjects: 2.031156 ms  DeleteObjects: 0.057953 ms)

========================================================================
Received Prepare
Registering precompiled user dll's ...
Registered in 0.008339 seconds.
Begin MonoManager ReloadAssembly
Native extension for OSXStandalone target not found
Refreshing native plugins compatible for Editor in 0.42 ms, found 2 plugins.
Preloading 0 native plugins for Editor in 0.00 ms.
Mono: successfully reloaded assembly
- Completed reload, in  1.330 seconds
Platform modules already initialized, skipping
Refreshing native plugins compatible for Editor in 0.46 ms, found 2 plugins.
Preloading 0 native plugins for Editor in 0.00 ms.
Unloading 1435 Unused Serialized files (Serialized files now loaded: 0)
System memory in use before: 166.6 MB.
System memory in use after: 166.7 MB.

Unloading 13 unused Assets to reduce memory usage. Loaded Objects now: 1931.
Total: 2.118297 ms (FindLiveObjects: 0.227575 ms CreateObjectMapping: 0.040447 ms MarkObjects: 1.822448 ms  DeleteObjects: 0.026618 ms)

========================================================================
Received Prepare
Registering precompiled user dll's ...
Registered in 0.013010 seconds.
Begin MonoManager ReloadAssembly
Native extension for OSXStandalone target not found
Refreshing native plugins compatible for Editor in 0.44 ms, found 2 plugins.
Preloading 0 native plugins for Editor in 0.00 ms.
Mono: successfully reloaded assembly
- Completed reload, in  1.344 seconds
Platform modules already initialized, skipping
Refreshing native plugins compatible for Editor in 0.42 ms, found 2 plugins.
Preloading 0 native plugins for Editor in 0.00 ms.
Unloading 1435 Unused Serialized files (Serialized files now loaded: 0)
System memory in use before: 167.0 MB.
System memory in use after: 167.1 MB.

Unloading 13 unused Assets to reduce memory usage. Loaded Objects now: 1934.
Total: 2.269813 ms (FindLiveObjects: 0.300906 ms CreateObjectMapping: 0.078510 ms MarkObjects: 1.860195 ms  DeleteObjects: 0.029022 ms)

========================================================================
Received Import Request.
  Time since last request: 15312.427506 seconds.
  path: Assets/Prefabs/Cube.prefab
  artifactKey: Guid(7d32f40421d274a61a5f794c5ce04a95) Importer(815301076,1909f56bfc062723c751e8b465ee728b)
Start importing Assets/Prefabs/Cube.prefab using Guid(7d32f40421d274a61a5f794c5ce04a95) Importer(815301076,1909f56bfc062723c751e8b465ee728b)  -> (artifact id: '6f330ff1c0e970ca7be17b7edd13bf02') in 1.803660 seconds
  Import took 1.823137 seconds .

========================================================================
Received Import Request.
  Time since last request: 0.000551 seconds.
  path: Assets/Prefabs/SliderTable.prefab
  artifactKey: Guid(6a4301facc8bd4b138a81b6b339e07ca) Importer(815301076,1909f56bfc062723c751e8b465ee728b)
Start importing Assets/Prefabs/SliderTable.prefab using Guid(6a4301facc8bd4b138a81b6b339e07ca) Importer(815301076,1909f56bfc062723c751e8b465ee728b)  -> (artifact id: '208d79b92f425a4730836334119b0a0d') in 0.155537 seconds
  Import took 0.159689 seconds .

========================================================================
Received Import Request.
  Time since last request: 143.908903 seconds.
  path: Assets/Prefabs/Sphere.prefab
  artifactKey: Guid(ae59f14ff600242a98d771e5d56a213d) Importer(815301076,1909f56bfc062723c751e8b465ee728b)
Start importing Assets/Prefabs/Sphere.prefab using Guid(ae59f14ff600242a98d771e5d56a213d) Importer(815301076,1909f56bfc062723c751e8b465ee728b)  -> (artifact id: 'c475da5f8896e39c36e8c2163a191652') in 0.012429 seconds
  Import took 0.018651 seconds .

========================================================================
Received Import Request.
  Time since last request: 0.031772 seconds.
  path: Assets/Prefabs/Sphere.prefab
  artifactKey: Guid(ae59f14ff600242a98d771e5d56a213d) Importer(815301076,1909f56bfc062723c751e8b465ee728b)
Start importing Assets/Prefabs/Sphere.prefab using Guid(ae59f14ff600242a98d771e5d56a213d) Importer(815301076,1909f56bfc062723c751e8b465ee728b)  -> (artifact id: 'c475da5f8896e39c36e8c2163a191652') in 0.014264 seconds
  Import took 0.017637 seconds .

